"","V1","V2","V3"
"dem.matr.same.dims",TRUE,TRUE,TRUE
"freqs.leng.num.alleles1",TRUE,TRUE,TRUE
"freqs.leng.num.alleles2",TRUE,TRUE,TRUE
"freqs.leng.num.alleles3",TRUE,TRUE,TRUE
"freqs.leng.num.alleles4",TRUE,TRUE,TRUE
"freqs.leng.num.alleles5",TRUE,TRUE,TRUE
"freqs.leng.num.alleles6",TRUE,TRUE,TRUE
"freqs.leng.num.alleles7",TRUE,TRUE,TRUE
"freqs.leng.num.alleles8",TRUE,TRUE,TRUE
"freqs.leng.num.alleles9",TRUE,TRUE,TRUE
"freqs.leng.num.alleles10",TRUE,TRUE,TRUE
"mut.leng.num.loci",TRUE,FALSE,TRUE
"nsizes.eq.npops",TRUE,TRUE,TRUE
"nsamps.eq.npops",TRUE,TRUE,TRUE
"is.mig.square",TRUE,TRUE,TRUE
"at.lst.1.pop",TRUE,TRUE,TRUE
"at.lst.1.loc",TRUE,TRUE,TRUE
"mut.rate.ok",TRUE,TRUE,TRUE
"at.lst.1.samp",TRUE,TRUE,TRUE
"mig.bet.0.1",TRUE,TRUE,TRUE
"mig.diag.eq.0",TRUE,TRUE,TRUE


"x"
"title.not.null" TRUE
"at.least.1.rep" TRUE
